0 info it worked if it ends with ok
1 verbose cli [ '/usr/local/bin/node', '/usr/local/bin/npm', 'run', 'css' ]
2 info using npm@3.10.9
3 info using node@v4.4.7
4 verbose run-script [ 'precss', 'css', 'postcss' ]
5 info lifecycle ciffi-base-project@1.0.0~precss: ciffi-base-project@1.0.0
6 silly lifecycle ciffi-base-project@1.0.0~precss: no script for precss, continuing
7 info lifecycle ciffi-base-project@1.0.0~css: ciffi-base-project@1.0.0
8 verbose lifecycle ciffi-base-project@1.0.0~css: unsafe-perm in lifecycle true
9 verbose lifecycle ciffi-base-project@1.0.0~css: PATH: /usr/local/lib/node_modules/npm/bin/node-gyp-bin:/Users/Gab/Desktop/purplenetwork/formalms/frontend/node_modules/.bin:/usr/local/lib/node_modules/npm/bin/node-gyp-bin:/Users/Gab/Desktop/purplenetwork/formalms/frontend/node_modules/.bin:/Applications/MAMP/Library/bin:/Applications/MAMP/bin/php/php5.6.10/bin:/usr/local/bin:/usr/local/lib:/Users/Gab/.rbenv/shims:/Users/Gab/.rbenv/shims:/usr/local/bin:/usr/bin:/bin:/usr/sbin:/sbin:/Applications/MAMP/Library/bin:/Users/Gab/.yarn/bin
10 verbose lifecycle ciffi-base-project@1.0.0~css: CWD: /Users/Gab/Desktop/purplenetwork/formalms/frontend
11 silly lifecycle ciffi-base-project@1.0.0~css: Args: [ '-c',
11 silly lifecycle   './node_modules/node-sass/bin/node-sass static/styles/main.scss ../html/templates/standard/static/main.css' ]
12 silly lifecycle ciffi-base-project@1.0.0~css: Returned: code: 1  signal: null
13 info lifecycle ciffi-base-project@1.0.0~css: Failed to exec css script
14 verbose stack Error: ciffi-base-project@1.0.0 css: `./node_modules/node-sass/bin/node-sass static/styles/main.scss ../html/templates/standard/static/main.css`
14 verbose stack Exit status 1
14 verbose stack     at EventEmitter.<anonymous> (/usr/local/lib/node_modules/npm/lib/utils/lifecycle.js:255:16)
14 verbose stack     at emitTwo (events.js:87:13)
14 verbose stack     at EventEmitter.emit (events.js:172:7)
14 verbose stack     at ChildProcess.<anonymous> (/usr/local/lib/node_modules/npm/lib/utils/spawn.js:40:14)
14 verbose stack     at emitTwo (events.js:87:13)
14 verbose stack     at ChildProcess.emit (events.js:172:7)
14 verbose stack     at maybeClose (internal/child_process.js:827:16)
14 verbose stack     at Process.ChildProcess._handle.onexit (internal/child_process.js:211:5)
15 verbose pkgid ciffi-base-project@1.0.0
16 verbose cwd /Users/Gab/Desktop/purplenetwork/formalms/frontend
17 error Darwin 14.5.0
18 error argv "/usr/local/bin/node" "/usr/local/bin/npm" "run" "css"
19 error node v4.4.7
20 error npm  v3.10.9
21 error code ELIFECYCLE
22 error ciffi-base-project@1.0.0 css: `./node_modules/node-sass/bin/node-sass static/styles/main.scss ../html/templates/standard/static/main.css`
22 error Exit status 1
23 error Failed at the ciffi-base-project@1.0.0 css script './node_modules/node-sass/bin/node-sass static/styles/main.scss ../html/templates/standard/static/main.css'.
23 error Make sure you have the latest version of node.js and npm installed.
23 error If you do, this is most likely a problem with the ciffi-base-project package,
23 error not with npm itself.
23 error Tell the author that this fails on your system:
23 error     ./node_modules/node-sass/bin/node-sass static/styles/main.scss ../html/templates/standard/static/main.css
23 error You can get information on how to open an issue for this project with:
23 error     npm bugs ciffi-base-project
23 error Or if that isn't available, you can get their info via:
23 error     npm owner ls ciffi-base-project
23 error There is likely additional logging output above.
24 verbose exit [ 1, true ]
